<?xml version="1.0" encoding="UTF-8" ?>
<testsuite errors="0" failures="0" hostname="lonewolf-Ubuntu" name="edu.columbia.mipl.compiler.CompilerTest" tests="1" time="21.935" timestamp="2012-04-25T20:41:37">
  <properties>
    <property name="java.vendor" value="Sun Microsystems Inc." />
    <property name="sun.java.launcher" value="SUN_STANDARD" />
    <property name="sun.management.compiler" value="HotSpot 64-Bit Tiered Compilers" />
    <property name="dist" value="/home/lonewolf/Dropbox/MIPL/dist" />
    <property name="lib" value="/home/lonewolf/Dropbox/MIPL/lib" />
    <property name="os.name" value="Linux" />
    <property name="sun.boot.class.path" value="/usr/lib/jvm/java-6-openjdk/jre/lib/resources.jar:/usr/lib/jvm/java-6-openjdk/jre/lib/rt.jar:/usr/lib/jvm/java-6-openjdk/jre/lib/sunrsasign.jar:/usr/lib/jvm/java-6-openjdk/jre/lib/jsse.jar:/usr/lib/jvm/java-6-openjdk/jre/lib/jce.jar:/usr/lib/jvm/java-6-openjdk/jre/lib/charsets.jar:/usr/lib/jvm/java-6-openjdk/jre/lib/netx.jar:/usr/lib/jvm/java-6-openjdk/jre/lib/plugin.jar:/usr/lib/jvm/java-6-openjdk/jre/lib/rhino.jar:/usr/lib/jvm/java-6-openjdk/jre/lib/modules/jdk.boot.jar:/usr/lib/jvm/java-6-openjdk/jre/classes" />
    <property name="TODAY" value="April 25 2012" />
    <property name="sun.desktop" value="gnome" />
    <property name="java.vm.specification.vendor" value="Sun Microsystems Inc." />
    <property name="ant.home" value="/usr/share/ant" />
    <property name="java.runtime.version" value="1.6.0_22-b22" />
    <property name="user.name" value="lonewolf" />
    <property name="user.language" value="en" />
    <property name="build" value="/home/lonewolf/Dropbox/MIPL/build" />
    <property name="sun.boot.library.path" value="/usr/lib/jvm/java-6-openjdk/jre/lib/amd64" />
    <property name="ant.project.default-target" value="unittest" />
    <property name="ant.project.name" value="MIPL" />
    <property name="DSTAMP" value="20120425" />
    <property name="java.version" value="1.6.0_22" />
    <property name="user.timezone" value="" />
    <property name="sun.arch.data.model" value="64" />
    <property name="java.endorsed.dirs" value="/usr/lib/jvm/java-6-openjdk/jre/lib/endorsed" />
    <property name="sun.cpu.isalist" value="" />
    <property name="sun.jnu.encoding" value="UTF-8" />
    <property name="file.encoding.pkg" value="sun.io" />
    <property name="file.separator" value="/" />
    <property name="java.specification.name" value="Java Platform API Specification" />
    <property name="java.class.version" value="50.0" />
    <property name="src" value="/home/lonewolf/Dropbox/MIPL/src" />
    <property name="user.country" value="US" />
    <property name="java.home" value="/usr/lib/jvm/java-6-openjdk/jre" />
    <property name="java.vm.info" value="mixed mode" />
    <property name="ant.file" value="/home/lonewolf/Dropbox/MIPL/build.xml" />
    <property name="os.version" value="2.6.38-13-generic" />
    <property name="path.separator" value=":" />
    <property name="java.vm.version" value="20.0-b11" />
    <property name="docs" value="/home/lonewolf/Dropbox/MIPL/docs" />
    <property name="ant.library.dir" value="/usr/share/ant/lib" />
    <property name="java.awt.printerjob" value="sun.print.PSPrinterJob" />
    <property name="sun.io.unicode.encoding" value="UnicodeLittle" />
    <property name="ant.file.MIPL" value="/home/lonewolf/Dropbox/MIPL/build.xml" />
    <property name="ant.file.type.MIPL" value="file" />
    <property name="user.home" value="/home/lonewolf" />
    <property name="java.specification.vendor" value="Sun Microsystems Inc." />
    <property name="test" value="/home/lonewolf/Dropbox/MIPL/test" />
    <property name="java.library.path" value="/usr/lib/jvm/java-6-openjdk/jre/lib/amd64/server:/usr/lib/jvm/java-6-openjdk/jre/lib/amd64:/usr/lib/jvm/java-6-openjdk/jre/../lib/amd64:/usr/java/packages/lib/amd64:/usr/lib/x86_64-linux-gnu/jni:/lib/x86_64-linux-gnu:/usr/lib/x86_64-linux-gnu:/usr/lib/jni:/lib:/usr/lib" />
    <property name="java.vendor.url" value="http://java.sun.com/" />
    <property name="java.vm.vendor" value="Sun Microsystems Inc." />
    <property name="java.runtime.name" value="OpenJDK Runtime Environment" />
    <property name="sun.java.command" value="org.apache.tools.ant.launch.Launcher -cp  regressiontest" />
    <property name="java.class.path" value="/usr/share/ant/lib/ant-launcher.jar:/usr/share/java/xmlParserAPIs.jar:/usr/share/java/xercesImpl.jar:/usr/share/ant/lib/ant-apache-bsf.jar:/usr/share/ant/lib/ant-swing.jar:/usr/share/ant/lib/ant-jsch.jar:/usr/share/ant/lib/ant-apache-bcel.jar:/usr/share/ant/lib/ant-apache-xalan2.jar:/usr/share/ant/lib/ant-launcher.jar:/usr/share/ant/lib/ant-junit.jar:/usr/share/ant/lib/ant-jmf.jar:/usr/share/ant/lib/ant-nodeps.jar:/usr/share/ant/lib/ant-apache-resolver.jar:/usr/share/ant/lib/ant-antlr.jar:/usr/share/ant/lib/ant-commons-net.jar:/usr/share/ant/lib/ant-apache-log4j.jar:/usr/share/ant/lib/ant-jdepend.jar:/usr/share/ant/lib/ant-javamail.jar:/usr/share/ant/lib/ant-apache-regexp.jar:/usr/share/ant/lib/ant.jar:/usr/share/ant/lib/ant-commons-logging.jar:/usr/share/ant/lib/ant-apache-oro.jar:/usr/share/ant/lib/junit.jar:/usr/lib/jvm/java-6-openjdk/lib/tools.jar" />
    <property name="ant.version" value="Apache Ant version 1.8.1 compiled on October 13 2010" />
    <property name="TSTAMP" value="1641" />
    <property name="java.vm.specification.name" value="Java Virtual Machine Specification" />
    <property name="ant.file.type" value="file" />
    <property name="java.vm.specification.version" value="1.0" />
    <property name="sun.cpu.endian" value="little" />
    <property name="sun.os.patch.level" value="unknown" />
    <property name="java.io.tmpdir" value="/tmp" />
    <property name="java.vendor.url.bug" value="http://java.sun.com/cgi-bin/bugreport.cgi" />
    <property name="os.arch" value="amd64" />
    <property name="java.awt.graphicsenv" value="sun.awt.X11GraphicsEnvironment" />
    <property name="java.ext.dirs" value="/usr/lib/jvm/java-6-openjdk/jre/lib/ext:/usr/java/packages/lib/ext" />
    <property name="user.dir" value="/home/lonewolf/Dropbox/MIPL" />
    <property name="line.separator" value="
" />
    <property name="java.vm.name" value="OpenJDK 64-Bit Server VM" />
    <property name="basedir" value="/home/lonewolf/Dropbox/MIPL" />
    <property name="ant.java.version" value="1.6" />
    <property name="ant.core.lib" value="/usr/share/ant/lib/ant.jar" />
    <property name="file.encoding" value="UTF-8" />
    <property name="tool" value="/home/lonewolf/Dropbox/MIPL/tools" />
    <property name="java.specification.version" value="1.6" />
    <property name="ant.project.invoked-targets" value="regressiontest" />
  </properties>
  <testcase classname="edu.columbia.mipl.compiler.CompilerTest" name="testExecutionSuccess" time="21.857" />
  <system-out><![CDATA[ ----- Query 'eadd(X, Y)?':
A Possible Solution Set:
Y = 5.0
X = 5.0
A Possible Solution Set:
Y = 5.0
X = 5.0
success
 ----- Query 'esub(X, Y)?':
A Possible Solution Set:
Y = -1.0
X = -3.0
A Possible Solution Set:
Y = 3.0
X = 1.0
success
 ----- Query 'r(X)?':
A Possible Solution Set:
X = 58.0
A Possible Solution Set:
X = 130.0
success
 ----- Query 'm(*)?':
26.0 32.0 |
58.0 72.0 |
----------------------------
success
 ----- Query 'r(*)?':
58.0 |
130.0 |
----------------------------
success
 ----- Query 'say(X, Y)?':
A Possible Solution Set:
Y = world
X = hello
success
 ----- Query 'sum(*)?':
40.0 60.0 |
----------------------------
success
 ----- Query 'c(*)?':
30.0 40.0 |
----------------------------
success
 ----- Query 'b(*)?':
10.0 20.0 |
----------------------------
success
 ----- Query 'eff(X, Y, Z)?':
A Possible Solution Set:
Y = 2.0
X = 2.0
Z = 3.0
A Possible Solution Set:
Y = 4.0
X = 2.0
Z = 4.0
A Possible Solution Set:
Y = 4.0
X = 3.0
Z = 6.0
success
 ----- Query 'neff(X, Y, Z)?':
A Possible Solution Set:
Y = 2.0
X = 1.0
Z = 3.0
A Possible Solution Set:
Y = 3.0
X = 2.0
Z = 4.0
A Possible Solution Set:
Y = 4.0
X = 3.0
Z = 5.0
success
 ----- Query 'target(X, Y, Z)?':
A Possible Solution Set:
Y = 12.0
X = 6.0
Z = 18.0
A Possible Solution Set:
Y = 18.0
X = 12.0
Z = 24.0
A Possible Solution Set:
Y = 24.0
X = 18.0
Z = 30.0
success
 ----- Query 'dataset(X, Y, Z)?':
A Possible Solution Set:
Y = 1.0
X = 0.0
Z = 2.0
A Possible Solution Set:
Y = 1.0
X = 0.0
Z = 5.0
success
 ----- Query 'eadd(X, Y)?':
A Possible Solution Set:
Y = 5.0
X = 5.0
A Possible Solution Set:
Y = 5.0
X = 5.0
success
 ----- Query 'esub(X, Y)?':
A Possible Solution Set:
Y = -1.0
X = -3.0
A Possible Solution Set:
Y = 3.0
X = 1.0
success
 ----- Query 'emul(X, Y)?':
A Possible Solution Set:
Y = 5.0
X = 8.0
A Possible Solution Set:
Y = 13.0
X = 20.0
success
 ----- Query 'ediv(X, Y)?':
A Possible Solution Set:
Y = -2.5
X = 1.5
A Possible Solution Set:
Y = -3.5
X = 2.5
success
 ----- Query 'target(X, Y, Z)?':
A Possible Solution Set:
Y = 12.0
X = 6.0
Z = 18.0
A Possible Solution Set:
Y = 18.0
X = 12.0
Z = 24.0
A Possible Solution Set:
Y = 24.0
X = 18.0
Z = 30.0
success
 ----- Query 'result(X)?':
A Possible Solution Set:
X = -0.5
A Possible Solution Set:
X = 1.5
A Possible Solution Set:
X = -1.5
A Possible Solution Set:
X = 0.5
success
 ----- Query '.a.(X)?':
A Possible Solution Set:
X = tom
A Possible Solution Set:
X = john
success
 ----- Query 'say(X, ^[helo]+$)?':
A Possible Solution Set:
X = greeting
success
 ----- Query 'cat(tom)?':
success
 ----- Query 'cat(X)?':
A Possible Solution Set:
X = tom
A Possible Solution Set:
X = foo
success
 ----- Query 'animal(tom)?':
success
 ----- Query 'animal(jane)?':
fail
 ----- Query 'weighted_grade(*)?':
95.0 |
84.7 |
95.0 |
----------------------------
success
 ----- Query 'move(3.0, a, b, c)?':
Move top disk from a to b
Move top disk from a to c
Move top disk from b to c
Move top disk from a to b
Move top disk from c to a
Move top disk from c to b
Move top disk from a to b
success
]]></system-out>
  <system-err><![CDATA[]]></system-err>
</testsuite>
